<?xml version="1.0" encoding="UTF-8"?>
<!-- Generated by org.testng.reporters.JUnitReportReporter -->
<testsuite hostname="WIN-GLF10487UOQ" failures="0" tests="2" name="com.sddevops.dummy_maven.eclipse.NewTest" time="0.534" errors="0" timestamp="15 Oct 2022 11:25:53 GMT">
  <testcase classname="com.sddevops.dummy_maven.eclipse.NewTest" name="f" time="0.000"/>
  <testcase classname="com.sddevops.dummy_maven.eclipse.NewTest" name="checkTitle" time="0.534"/>
</testsuite> <!-- com.sddevops.dummy_maven.eclipse.NewTest -->
