<?xml version="1.0" encoding="UTF-8"?>
<!-- Generated by org.testng.reporters.JUnitReportReporter -->
<testsuite hostname="WIN-GLF10487UOQ" failures="0" tests="1" name="com.sddevops.dummy_maven.eclipse.AppTest" time="0.001" errors="0" timestamp="15 Oct 2022 11:25:54 GMT">
  <testcase classname="com.sddevops.dummy_maven.eclipse.AppTest" name="shouldAnswerWithTrue" time="0.001"/>
</testsuite> <!-- com.sddevops.dummy_maven.eclipse.AppTest -->
